<?xml version="1.0" encoding="UTF-8"?>
<testng-results ignored="0" total="1" passed="1" failed="0" skipped="0">
  <reporter-output>
  </reporter-output>
  <suite started-at="2022-05-05T00:06:09Z" name="Default suite" finished-at="2022-05-05T00:07:16Z" duration-ms="67383">
    <groups>
    </groups>
    <test started-at="2022-05-05T00:06:09Z" name="Default test" finished-at="2022-05-05T00:07:16Z" duration-ms="67383">
      <class name="zenhr">
        <test-method signature="initialization()[pri:1, instance:zenhr@35399441]" started-at="2022-05-05T00:06:09Z" name="initialization" finished-at="2022-05-05T00:07:16Z" duration-ms="67362" status="PASS">
          <reporter-output>
          </reporter-output>
        </test-method> <!-- initialization -->
      </class> <!-- zenhr -->
    </test> <!-- Default test -->
  </suite> <!-- Default suite -->
</testng-results>
